<?xml version="1.0" encoding="UTF-8"?>
<!-- Generated by org.testng.reporters.JUnitReportReporter -->
<testsuite hostname="LAPTOP-43EPU8GR" failures="0" tests="1" name="com.learnautomation.testcases.LoginTestOrangeLive" time="8.472" errors="0" timestamp="16 Apr 2021 04:56:53 GMT" skipped="0">
  <testcase classname="com.learnautomation.testcases.LoginTestOrangeLive" name="loginapp" time="8.472"/>
</testsuite> <!-- com.learnautomation.testcases.LoginTestOrangeLive -->
