<?xml version="1.0" encoding="UTF-8"?>
<!-- Generated by org.testng.reporters.JUnitReportReporter -->
<testsuite hostname="LAPTOP-43EPU8GR" failures="0" tests="1" name="com.learnautomation.testcases.LoginTestCRM" time="8.448" errors="0" timestamp="15 Apr 2021 04:18:02 GMT" skipped="0">
  <testcase classname="com.learnautomation.testcases.LoginTestCRM" name="loginapp" time="8.448"/>
</testsuite> <!-- com.learnautomation.testcases.LoginTestCRM -->
